
Mon Nov 24 2025 21:46:07:551 GMT+0600 (Центральная Азия (зима)) -- Starting configuration console on http://localhost:45454
Mon Nov 24 2025 21:46:09:54 GMT+0600 (Центральная Азия (зима)) -- [SUCCESS] You can now access your local server(s) in our remote browser

Mon Nov 24 2025 21:46:10:740 GMT+0600 (Центральная Азия (зима)) -- Press Ctrl-C to exit



Mon Nov 24 2025 21:49:49:672 GMT+0600 (Центральная Азия (зима)) -- Starting configuration console on http://localhost:45454
Mon Nov 24 2025 21:49:50:925 GMT+0600 (Центральная Азия (зима)) -- [SUCCESS] You can now access your local server(s) in our remote browser

Mon Nov 24 2025 21:49:51:552 GMT+0600 (Центральная Азия (зима)) -- Press Ctrl-C to exit



Tue Nov 25 2025 04:14:43:643 GMT+0600 (Центральная Азия (зима)) -- Starting configuration console on http://localhost:45454
Tue Nov 25 2025 04:14:43:945 GMT+0600 (Центральная Азия (зима)) -- [SUCCESS] You can now access your local server(s) in our remote browser

Tue Nov 25 2025 04:14:44:466 GMT+0600 (Центральная Азия (зима)) -- Press Ctrl-C to exit



Tue Nov 25 2025 04:28:33:389 GMT+0600 (Центральная Азия (зима)) -- Starting configuration console on http://localhost:45454
Tue Nov 25 2025 04:28:33:435 GMT+0600 (Центральная Азия (зима)) -- [SUCCESS] You can now access your local server(s) in our remote browser

Tue Nov 25 2025 04:28:33:930 GMT+0600 (Центральная Азия (зима)) -- Press Ctrl-C to exit



Thu Nov 27 2025 18:36:10:784 GMT+0600 (Центральная Азия (зима)) -- Starting configuration console on http://localhost:45454
Thu Nov 27 2025 18:36:12:96 GMT+0600 (Центральная Азия (зима)) -- [SUCCESS] You can now access your local server(s) in our remote browser

Thu Nov 27 2025 18:36:13:8 GMT+0600 (Центральная Азия (зима)) -- Press Ctrl-C to exit



Thu Nov 27 2025 18:46:44:422 GMT+0600 (Центральная Азия (зима)) -- Starting configuration console on http://localhost:45454
Thu Nov 27 2025 18:46:46:246 GMT+0600 (Центральная Азия (зима)) -- [SUCCESS] You can now access your local server(s) in our remote browser

Thu Nov 27 2025 18:46:47:67 GMT+0600 (Центральная Азия (зима)) -- Press Ctrl-C to exit



Thu Nov 27 2025 18:53:46:650 GMT+0600 (Центральная Азия (зима)) -- Starting configuration console on http://localhost:45454
Thu Nov 27 2025 18:53:48:120 GMT+0600 (Центральная Азия (зима)) -- [SUCCESS] You can now access your local server(s) in our remote browser

Thu Nov 27 2025 18:53:49:201 GMT+0600 (Центральная Азия (зима)) -- Press Ctrl-C to exit



Thu Nov 27 2025 18:56:55:472 GMT+0600 (Центральная Азия (зима)) -- Starting configuration console on http://localhost:45454
Thu Nov 27 2025 18:56:57:103 GMT+0600 (Центральная Азия (зима)) -- [SUCCESS] You can now access your local server(s) in our remote browser

Thu Nov 27 2025 18:56:58:366 GMT+0600 (Центральная Азия (зима)) -- Press Ctrl-C to exit


